<?xml version="1.0" encoding="UTF-8"?>
<testExecutions version="1">
  <file path="C:\Users\samue\Documents\team_commitment_issues-SOEN341_Project_W25\ChatHavenApp\frontend\src\Components\__tests__\LoginForm.test.tsx">
  </file>
  <file path="C:\Users\samue\Documents\team_commitment_issues-SOEN341_Project_W25\ChatHavenApp\frontend\src\Services\__tests__\authService.test.ts">
  </file>
  <file path="C:\Users\samue\Documents\team_commitment_issues-SOEN341_Project_W25\ChatHavenApp\frontend\src\Context\__tests__\ThemeContext.test.tsx">
  </file>
  <file path="C:\Users\samue\Documents\team_commitment_issues-SOEN341_Project_W25\ChatHavenApp\frontend\src\Services\__tests__\webSocketClient.test.ts">
  </file>
</testExecutions>